mode: set
github.com/jeffy-mathew/cron-parser/internal/errors/errors.go:23.40,25.2 1 0
github.com/jeffy-mathew/cron-parser/internal/errors/errors.go:23.40,25.2 1 0
github.com/jeffy-mathew/cron-parser/parser/parser.go:18.60,19.20 1 1
github.com/jeffy-mathew/cron-parser/parser/parser.go:20.17,21.38 1 1
github.com/jeffy-mathew/cron-parser/parser/parser.go:22.10,23.42 1 1
github.com/jeffy-mathew/cron-parser/parser/schedule.go:33.29,35.2 1 1
github.com/jeffy-mathew/cron-parser/parser/schedule.go:38.43,39.60 1 1
github.com/jeffy-mathew/cron-parser/parser/schedule.go:39.60,41.3 1 1
github.com/jeffy-mathew/cron-parser/parser/schedule.go:43.2,44.12 2 1
github.com/jeffy-mathew/cron-parser/parser/schedule.go:48.47,49.27 1 1
github.com/jeffy-mathew/cron-parser/parser/schedule.go:49.27,50.39 1 1
github.com/jeffy-mathew/cron-parser/parser/schedule.go:50.39,52.4 1 1
github.com/jeffy-mathew/cron-parser/parser/schedule.go:55.2,55.12 1 1
github.com/jeffy-mathew/cron-parser/parser/schedule.go:69.36,71.2 1 1
github.com/jeffy-mathew/cron-parser/parser/schedule.go:74.34,76.2 1 1
github.com/jeffy-mathew/cron-parser/parser/schedule.go:79.40,81.2 1 1
github.com/jeffy-mathew/cron-parser/parser/schedule.go:84.35,86.2 1 1
github.com/jeffy-mathew/cron-parser/parser/schedule.go:89.39,91.2 1 1
github.com/jeffy-mathew/cron-parser/parser/schedule.go:94.29,102.2 1 1
github.com/jeffy-mathew/cron-parser/parser/stdparser.go:15.49,17.2 1 1
github.com/jeffy-mathew/cron-parser/parser/stdparser.go:20.73,22.21 2 1
github.com/jeffy-mathew/cron-parser/parser/stdparser.go:22.21,24.3 1 1
github.com/jeffy-mathew/cron-parser/parser/stdparser.go:26.2,28.16 3 1
github.com/jeffy-mathew/cron-parser/parser/stdparser.go:28.16,30.3 1 1
github.com/jeffy-mathew/cron-parser/parser/stdparser.go:32.2,33.16 2 1
github.com/jeffy-mathew/cron-parser/parser/stdparser.go:33.16,35.3 1 1
github.com/jeffy-mathew/cron-parser/parser/stdparser.go:37.2,38.16 2 1
github.com/jeffy-mathew/cron-parser/parser/stdparser.go:38.16,40.3 1 1
github.com/jeffy-mathew/cron-parser/parser/stdparser.go:42.2,43.16 2 1
github.com/jeffy-mathew/cron-parser/parser/stdparser.go:43.16,45.3 1 1
github.com/jeffy-mathew/cron-parser/parser/stdparser.go:47.2,48.16 2 1
github.com/jeffy-mathew/cron-parser/parser/stdparser.go:48.16,50.3 1 1
github.com/jeffy-mathew/cron-parser/parser/stdparser.go:52.2,53.22 2 1
github.com/jeffy-mathew/cron-parser/parser/stdparser.go:57.79,59.18 1 1
github.com/jeffy-mathew/cron-parser/parser/stdparser.go:59.18,60.75 1 1
github.com/jeffy-mathew/cron-parser/parser/stdparser.go:60.75,61.48 1 1
github.com/jeffy-mathew/cron-parser/parser/stdparser.go:61.48,63.5 1 0
github.com/jeffy-mathew/cron-parser/parser/stdparser.go:65.3,65.13 1 1
github.com/jeffy-mathew/cron-parser/parser/stdparser.go:69.2,71.29 2 1
github.com/jeffy-mathew/cron-parser/parser/stdparser.go:71.29,72.34 1 1
github.com/jeffy-mathew/cron-parser/parser/stdparser.go:72.34,75.28 2 1
github.com/jeffy-mathew/cron-parser/parser/stdparser.go:75.28,77.5 1 1
github.com/jeffy-mathew/cron-parser/parser/stdparser.go:79.4,80.18 2 1
github.com/jeffy-mathew/cron-parser/parser/stdparser.go:80.18,82.5 1 1
github.com/jeffy-mathew/cron-parser/parser/stdparser.go:84.4,85.18 2 1
github.com/jeffy-mathew/cron-parser/parser/stdparser.go:85.18,87.5 1 0
github.com/jeffy-mathew/cron-parser/parser/stdparser.go:89.4,89.34 1 1
github.com/jeffy-mathew/cron-parser/parser/stdparser.go:89.34,90.49 1 1
github.com/jeffy-mathew/cron-parser/parser/stdparser.go:90.49,92.6 1 1
github.com/jeffy-mathew/cron-parser/parser/stdparser.go:94.9,94.41 1 1
github.com/jeffy-mathew/cron-parser/parser/stdparser.go:94.41,97.50 2 1
github.com/jeffy-mathew/cron-parser/parser/stdparser.go:97.50,99.5 1 1
github.com/jeffy-mathew/cron-parser/parser/stdparser.go:101.4,102.18 2 1
github.com/jeffy-mathew/cron-parser/parser/stdparser.go:102.18,104.5 1 1
github.com/jeffy-mathew/cron-parser/parser/stdparser.go:106.4,106.82 1 1
github.com/jeffy-mathew/cron-parser/parser/stdparser.go:106.82,107.49 1 1
github.com/jeffy-mathew/cron-parser/parser/stdparser.go:107.49,109.6 1 0
github.com/jeffy-mathew/cron-parser/parser/stdparser.go:111.9,114.18 2 1
github.com/jeffy-mathew/cron-parser/parser/stdparser.go:114.18,116.5 1 1
github.com/jeffy-mathew/cron-parser/parser/stdparser.go:118.4,118.52 1 1
github.com/jeffy-mathew/cron-parser/parser/stdparser.go:118.52,120.5 1 1
github.com/jeffy-mathew/cron-parser/parser/stdparser.go:124.2,124.12 1 1
